epoch,acc,loss,val_acc,val_loss
0,0.32822459855898156,1.7843641866739568,0.38074673474142234,1.6855066048724052
1,0.43195513602058244,1.5203779887669744,0.4725550401713995,1.4353605771370337
2,0.4690863492284649,1.4114608624299627,0.3867372617221005,1.70124897063941
3,0.49893761538401216,1.3398269686401938,0.4973530344442924,1.367246407030971
4,0.5139503291661083,1.2995357077391387,0.539147406882913,1.2692393667608766
5,0.5266292800187956,1.2618138373340324,0.48328226254399226,1.4309655675157493
6,0.5349890278351461,1.2429681717446324,0.5022290448880554,1.2811937968992164
7,0.542443136302874,1.2156593422995345,0.5019504155441558,1.322482814307551
8,0.5522658399846463,1.1924804140853842,0.5633881425032977,1.167079074764466
9,0.558849141385273,1.1770186890769834,0.5685427823470109,1.1495174861080502
10,0.5653976105095687,1.1665914267506061,0.525494578396437,1.3168996663057777
11,0.5711101048462086,1.1548505420864859,0.5600445935693117,1.1864000871439155
12,0.5741056811463235,1.1405712246973732,0.5806631502454312,1.1299600013111106
13,0.5785293810344913,1.131107761475471,0.5677068945166792,1.1677491461728926
14,0.581246299069978,1.1219268328402168,0.5796879480586938,1.119577074925293
15,0.5830227454810304,1.1128473923893873,0.579966577622644,1.129711780144386
16,0.586505973737497,1.1053603557821325,0.5837280709025554,1.1063145621718389
17,0.5905116862328749,1.095569929876789,0.5812204088128254,1.1196231378585424
18,0.5925319586234007,1.090778252394904,0.5884647663380649,1.1074109840831923
19,0.5993939182876175,1.075295026762665,0.582334925127614,1.1022013343474133
20,0.5992545891532272,1.0735975687329997,0.5987740447072639,1.089452463809653
21,0.6016580166519072,1.0624728166237782,0.5872109353243391,1.1262004728140722
22,0.6043401024079488,1.0575466188477094,0.5964056971503952,1.0790175323437627
23,0.6056637291483231,1.0570418697119532,0.6040679986375094,1.0645312842718093
24,0.6143717997881922,1.0420296042394586,0.5873502497637827,1.10322126818265
25,0.6120728691392667,1.041842328056679,0.605043200813867,1.1013160110309856
26,0.6164617367376084,1.0305987499627562,0.5994706175687852,1.0843126959943048
27,0.6134661604385315,1.0359544165186167,0.5925048889847113,1.0964480557337022
28,0.6190741579337214,1.0278584740412613,0.5959877531158622,1.0656877132597142
29,0.6133964958765269,1.02709245144451,0.6015603362571466,1.056497650962104
30,0.6201539586909891,1.018554691982442,0.5972415841088284,1.0985933960638328
31,0.6228012121639521,1.0131450524054924,0.606018402408959,1.0529615291051502
32,0.6218955728168867,1.0108102488913893,0.6118696146990038,1.0545655746805938
33,0.6263541049865758,1.005307702939668,0.6177208263455044,1.0229627820750085
34,0.627329408897203,1.0054873334829566,0.610197839370492,1.0565132812430003
35,0.6289665261806127,0.9987901232742442,0.6101978398064413,1.0571338741721699
36,0.6226618830352714,1.002450835460231,0.6046252565924987,1.085083424779811
37,0.632519418998565,0.9910505050077986,0.5784341169204111,1.1248448700424805
38,0.6301856560681182,0.9937720920163522,0.6049038857204996,1.0487879121073542
39,0.6296283395492427,0.9879922826626719,0.6160490515567394,1.0302971925240816
40,0.6315092828043402,0.9883507583211834,0.6223182074557476,1.0127040162717824
41,0.6331812323703093,0.9795956202545586,0.5991919884823033,1.0665521308902717
42,0.634644188234174,0.9804925467760454,0.6058790879591357,1.0837567231261582
43,0.636838622035421,0.9727500240989371,0.6075508626856223,1.0658256133777493
44,0.6367689574718591,0.9759110482995789,0.6237113529192966,1.0121923921856584
45,0.6342958654101364,0.9722650542285874,0.5998885613749638,1.0919000545527509
46,0.6401476888822045,0.9665825182174357,0.6128448169168804,1.053972032550161
47,0.6402173534473234,0.9676402605432399,0.6182780846637848,1.0330530936539373
48,0.644223065939587,0.9616913075394597,0.6191139717986737,1.04991396352328
49,0.6393465463812604,0.9681316400721154,0.620228488653209,1.027620509523752
50,0.6424466195280157,0.9579789087670969,0.6252438133412764,1.0131881574034383
51,0.6436657494186354,0.9558257889488514,0.6057397731564012,1.0623927378277591
52,0.6444668919195795,0.9555419023277211,0.6210643764005029,1.0464643280056358
53,0.6497962311491032,0.9482770042590676,0.6005851341638269,1.0883221555284286
54,0.6450242084363789,0.9490754845361691,0.6193926014871809,1.0520833604355382
55,0.6521299940785119,0.9471412062044947,0.6184173993108232,1.0383958414941197
56,0.6506670382130901,0.9415836062292315,0.615631107906257,1.0223195631250088
57,0.667839353516988,0.901540125145916,0.6344385751984717,0.9824044523258816
58,0.6727158730753147,0.8848053593384592,0.6377821248071411,0.9842127219328278
59,0.6752934619826397,0.8770289538924715,0.6375034956064819,0.9826802432074662
60,0.6782890382817166,0.8790453744950292,0.6395932142533244,0.9795609316761367
61,0.677453063499251,0.8699646327667814,0.6386180124506375,0.9787868888803215
62,0.6766170887188617,0.8733088146527819,0.6380607541531167,0.985473675751946
63,0.6774878957859629,0.8659422139047833,0.6411256744573295,0.9796573799189131
64,0.6781845414371525,0.8659695842978706,0.6421008766544466,0.9804239101133416
65,0.6792643421923439,0.8638217936651207,0.6373641811774181,0.9841702564064944
66,0.6786721933898708,0.8659121050053685,0.6387573267032456,0.9769514972982655
67,0.6804138075178446,0.8593165110825886,0.6401504724470478,0.9775225312396361
68,0.6843498554470655,0.8615282325478215,0.6423795057305488,0.9808560631036297
69,0.6833397192528406,0.8606523274005097,0.6376428102742798,0.9748798408982801
70,0.6855341530551258,0.8536268885703939,0.6380607541427369,0.9772271610444578
71,0.6836532097948379,0.8524514588842472,0.6422401910004725,0.9778832017624941
72,0.6834093838169215,0.8515559746834663,0.6394538997204631,0.9803355226802333
73,0.6833397192559549,0.8561758056919861,0.6437726514535915,0.9776799509241579
74,0.6846285137106555,0.8523614690169183,0.6391752707481584,0.979777140892273
75,0.6870319412051832,0.8487391718864241,0.6400111581217814,0.9791646720396495
76,0.6819812602340591,0.8543808809322118,0.6366676083885551,0.9824668336773847
77,0.6855689853376852,0.8518573378685305,0.6397325289211223,0.9793904406081093
78,0.6838622034912328,0.8470001908619911,0.6418222474122686,0.97943140254801
79,0.6876589222891776,0.8490521069056164,0.6432153933013871,0.9745963595582572
80,0.6830262287129196,0.8508708897236228,0.6398718436200594,0.9812750504183482
81,0.6860914695750393,0.8456410865781366,0.6384786977828396,0.9792457365526385
82,0.684001532624585,0.8507254717844881,0.6430760786854879,0.9777398150735741
83,0.6832700546877217,0.8482781874232043,0.6437726514951104,0.9794191895343424
84,0.690097182069379,0.8447688447050118,0.6386180121807642,0.9770122170949126
85,0.688111741964527,0.8462633580564227,0.6432153932598681,0.9782106038387974
86,0.6880769096809294,0.8388779237894949,0.6439119661110096,0.977714985653428
87,0.688843219898276,0.8390541959954527,0.6451657971454949,0.9773144934896777
88,0.6894005364213037,0.8388402595731457,0.6443299097407326,0.9793499817920698
89,0.6883555679445195,0.8382732108919975,0.6391752707273989,0.9927635040914229
90,0.6905500017457664,0.8352389220716545,0.644051280394757,0.9784515424649441
91,0.6895746978299488,0.8366673178419333,0.6425188204191062,0.9775351118106954
92,0.6881814065280888,0.8360098746840311,0.6466982574844367,0.9755744798626366
93,0.6911073182667181,0.8325158682540191,0.644747853474253,0.9761572906143618
94,0.6937545717391621,0.8292886884379251,0.6461409992180551,0.9771206226254618
95,0.6908634922867256,0.8315399286743573,0.6439119660591109,0.9755213013357115
96,0.6911421505492775,0.8342370422927268,0.6469768866124377,0.9760437822588283
97,0.6935455780427672,0.8286803867123569,0.6460016846644344,0.9760810950717519
98,0.6921522867414261,0.8339850504058104,0.6446085389102525,0.9768268039699682
99,0.6904803371785714,0.8315211443065779,0.6465589429204363,0.9763912414838958
100,0.6937545717391621,0.8321226896124037,0.6450264826333931,0.9766360660782668
101,0.6908634922846494,0.8293976684283336,0.6468375719965385,0.9766637214230346
102,0.6905848340252116,0.8305139576920796,0.6448871680797724,0.9761269882121029
103,0.6908634922851684,0.8327589466461439,0.6447478534950124,0.9774284788515594
104,0.6889477167459543,0.8329145710289493,0.6457230555468132,0.9780025802937788
105,0.6934759134786863,0.8231305141941275,0.6451657972077733,0.9774636929596814
106,0.6914556410881605,0.8325824101370095,0.6457230555364334,0.9777416657242798
107,0.6927096032613397,0.8297866480930741,0.646280313844334,0.9763656313119544
108,0.6907241631564877,0.8296077188028221,0.6460016846955736,0.9763394931051543
109,0.6941028945626807,0.8294344415480808,0.6462803138547137,0.9766240933602253
